  Source.cpp
C:\Users\rootw\Documents\Computer Science\CV\Project6\Project6\Source.cpp(52,12): warning C4018: '<': signed/unsigned mismatch
C:\Users\rootw\Documents\Computer Science\CV\Project6\Project6\Source.cpp(58,12): warning C4018: '<': signed/unsigned mismatch
C:\Users\rootw\Documents\Computer Science\CV\Project6\Project6\Source.cpp(70,21): warning C4018: '<': signed/unsigned mismatch
C:\Users\rootw\Documents\Computer Science\CV\Project6\Project6\Source.cpp(75,20): warning C4018: '<': signed/unsigned mismatch
C:\Users\rootw\Documents\Computer Science\CV\Project6\Project6\Source.cpp(123,87): warning C4244: '=': conversion from 'double' to 'int', possible loss of data
C:\Users\rootw\Documents\Computer Science\CV\Project6\Project6\Source.cpp(146,20): warning C4018: '<': signed/unsigned mismatch
C:\Users\rootw\Documents\Computer Science\CV\Project6\Project6\Source.cpp(147,52): warning C4244: '=': conversion from 'double' to '_Ty', possible loss of data
          with
          [
              _Ty=float
          ]
C:\Users\rootw\Documents\Computer Science\CV\Project6\Project6\Source.cpp(212,12): warning C4244: 'initializing': conversion from 'double' to 'int', possible loss of data
C:\Users\rootw\Documents\Computer Science\CV\Project6\Project6\Source.cpp(214,35): warning C4244: '=': conversion from 'double' to '_Ty', possible loss of data
          with
          [
              _Ty=int
          ]
C:\Users\rootw\Documents\Computer Science\CV\Project6\Project6\Source.cpp(235,23): warning C4018: '<': signed/unsigned mismatch
C:\Users\rootw\Documents\Computer Science\CV\Project6\Project6\Source.cpp(358,15): warning C4244: 'initializing': conversion from 'double' to 'int', possible loss of data
C:\Users\rootw\Documents\Computer Science\CV\Project6\Project6\Source.cpp(369,14): warning C4244: 'initializing': conversion from 'double' to 'int', possible loss of data
C:\Users\rootw\Documents\Computer Science\CV\Project6\Project6\Source.cpp(387,17): warning C4244: 'initializing': conversion from 'double' to 'int', possible loss of data
C:\Users\rootw\Documents\Computer Science\CV\Project6\Project6\Source.cpp(407,21): warning C4018: '<': signed/unsigned mismatch
C:\Users\rootw\Documents\Computer Science\CV\Project6\Project6\Source.cpp(435,22): warning C4018: '<': signed/unsigned mismatch
C:\Users\rootw\Documents\Computer Science\CV\Project6\Project6\Source.cpp(480,10): warning C4018: '<': signed/unsigned mismatch
C:\Users\rootw\Documents\Computer Science\CV\Project6\Project6\Source.cpp(492,10): warning C4018: '<': signed/unsigned mismatch
  Project6.vcxproj -> C:\Users\rootw\Documents\Computer Science\CV\Project6\Debug\Project6.exe
