  Source.cpp
C:\Users\rootw\Documents\Computer Science\CV\Project7\Project7\Source.cpp(46,63): warning C4244: 'argument': conversion from 'double' to '_Tp', possible loss of data
          with
          [
              _Tp=int
          ]
C:\Users\rootw\Documents\Computer Science\CV\Project7\Project7\Source.cpp(46,28): warning C4244: 'argument': conversion from 'double' to '_Tp', possible loss of data
          with
          [
              _Tp=int
          ]
C:\Users\rootw\Documents\Computer Science\CV\Project7\Project7\Source.cpp(54,16): warning C4244: 'initializing': conversion from 'double' to 'int', possible loss of data
C:\Users\rootw\Documents\Computer Science\CV\Project7\Project7\Source.cpp(61,39): warning C4244: 'argument': conversion from 'int' to '_Tp', possible loss of data
          with
          [
              _Tp=float
          ]
C:\Users\rootw\Documents\Computer Science\CV\Project7\Project7\Source.cpp(61,36): warning C4244: 'argument': conversion from 'int' to '_Tp', possible loss of data
          with
          [
              _Tp=float
          ]
  Project7.vcxproj -> C:\Users\rootw\Documents\Computer Science\CV\Project7\Debug\Project7.exe
